Determining if the pthread_create exist failed with the following output:
Change Dir: /home/anonymous1/anon_auton_ws/build/CMakeFiles/CMakeTmp

Run Build Command:"/usr/bin/make" "cmTC_6ca3c/fast"
/usr/bin/make -f CMakeFiles/cmTC_6ca3c.dir/build.make CMakeFiles/cmTC_6ca3c.dir/build
make[1]: Entering directory '/home/anonymous1/anon_auton_ws/build/CMakeFiles/CMakeTmp'
Building C object CMakeFiles/cmTC_6ca3c.dir/CheckSymbolExists.c.o
/usr/bin/cc    -o CMakeFiles/cmTC_6ca3c.dir/CheckSymbolExists.c.o   -c /home/anonymous1/anon_auton_ws/build/CMakeFiles/CMakeTmp/CheckSymbolExists.c
Linking C executable cmTC_6ca3c
/usr/bin/cmake -E cmake_link_script CMakeFiles/cmTC_6ca3c.dir/link.txt --verbose=1
/usr/bin/cc      -rdynamic CMakeFiles/cmTC_6ca3c.dir/CheckSymbolExists.c.o  -o cmTC_6ca3c 
CMakeFiles/cmTC_6ca3c.dir/CheckSymbolExists.c.o: In function `main':
CheckSymbolExists.c:(.text+0x2c): undefined reference to `pthread_create'
collect2: error: ld returned 1 exit status
CMakeFiles/cmTC_6ca3c.dir/build.make:97: recipe for target 'cmTC_6ca3c' failed
make[1]: *** [cmTC_6ca3c] Error 1
make[1]: Leaving directory '/home/anonymous1/anon_auton_ws/build/CMakeFiles/CMakeTmp'
Makefile:126: recipe for target 'cmTC_6ca3c/fast' failed
make: *** [cmTC_6ca3c/fast] Error 2

File /home/anonymous1/anon_auton_ws/build/CMakeFiles/CMakeTmp/CheckSymbolExists.c:
/* */
#include <pthread.h>

int main(int argc, char** argv)
{
  (void)argv;
#ifndef pthread_create
  return ((int*)(&pthread_create))[argc];
#else
  (void)argc;
  return 0;
#endif
}

Determining if the function pthread_create exists in the pthreads failed with the following output:
Change Dir: /home/anonymous1/anon_auton_ws/build/CMakeFiles/CMakeTmp

Run Build Command:"/usr/bin/make" "cmTC_e9aa7/fast"
/usr/bin/make -f CMakeFiles/cmTC_e9aa7.dir/build.make CMakeFiles/cmTC_e9aa7.dir/build
make[1]: Entering directory '/home/anonymous1/anon_auton_ws/build/CMakeFiles/CMakeTmp'
Building C object CMakeFiles/cmTC_e9aa7.dir/CheckFunctionExists.c.o
/usr/bin/cc   -DCHECK_FUNCTION_EXISTS=pthread_create   -o CMakeFiles/cmTC_e9aa7.dir/CheckFunctionExists.c.o   -c /usr/share/cmake-3.10/Modules/CheckFunctionExists.c
Linking C executable cmTC_e9aa7
/usr/bin/cmake -E cmake_link_script CMakeFiles/cmTC_e9aa7.dir/link.txt --verbose=1
/usr/bin/cc  -DCHECK_FUNCTION_EXISTS=pthread_create    -rdynamic CMakeFiles/cmTC_e9aa7.dir/CheckFunctionExists.c.o  -o cmTC_e9aa7 -lpthreads 
/usr/bin/ld: cannot find -lpthreads
collect2: error: ld returned 1 exit status
CMakeFiles/cmTC_e9aa7.dir/build.make:97: recipe for target 'cmTC_e9aa7' failed
make[1]: *** [cmTC_e9aa7] Error 1
make[1]: Leaving directory '/home/anonymous1/anon_auton_ws/build/CMakeFiles/CMakeTmp'
Makefile:126: recipe for target 'cmTC_e9aa7/fast' failed
make: *** [cmTC_e9aa7/fast] Error 2


